
/home/runner/work/exp-intensity-transformation-iitg/exp-intensity-transformation-iitg/experiment/simulation/js/main.js
   72:20  warning  'cv' is not defined  no-undef
   73:7   warning  'cv' is not defined  no-undef
   73:28  warning  'cv' is not defined  no-undef
   75:19  warning  'cv' is not defined  no-undef
   78:9   warning  'cv' is not defined  no-undef
   84:23  warning  'cv' is not defined  no-undef
   84:36  warning  'cv' is not defined  no-undef
   88:9   warning  'cv' is not defined  no-undef
   93:18  warning  'cv' is not defined  no-undef
   94:28  warning  'cv' is not defined  no-undef
   97:20  warning  'cv' is not defined  no-undef
   98:7   warning  'cv' is not defined  no-undef
   98:28  warning  'cv' is not defined  no-undef
   99:7   warning  'cv' is not defined  no-undef
  122:11  warning  'cv' is not defined  no-undef
  124:24  warning  'cv' is not defined  no-undef
  125:7   warning  'cv' is not defined  no-undef
  125:36  warning  'cv' is not defined  no-undef
  127:7   warning  'cv' is not defined  no-undef

✖ 19 problems (0 errors, 19 warnings)

